0 info it worked if it ends with ok
1 verbose cli [ 'node', '/usr/local/bin/npm', 'install' ]
2 info using npm@1.4.28
3 info using node@v0.10.36
4 verbose readDependencies using package.json deps
5 verbose install where, deps [ '/Users/tomdanvers/Documents/Personal/valhalla-client',
5 verbose install   [ 'gulp',
5 verbose install     'gulp-browserify',
5 verbose install     'gulp-cat',
5 verbose install     'gulp-changed',
5 verbose install     'gulp-compass',
5 verbose install     'gulp-concat',
5 verbose install     'gulp-connect',
5 verbose install     'gulp-minify-css',
5 verbose install     'gulp-sass',
5 verbose install     'gulp-size',
5 verbose install     'gulp-strip-debug',
5 verbose install     'gulp-uglify',
5 verbose install     'gulp-util' ] ]
6 info preinstall valhalla-client@0.0.1
7 verbose readDependencies using package.json deps
8 verbose cache add [ 'gulp@^3.9.0', null ]
9 verbose cache add name=undefined spec="gulp@^3.9.0" args=["gulp@^3.9.0",null]
10 verbose parsed url { protocol: null,
10 verbose parsed url   slashes: null,
10 verbose parsed url   auth: null,
10 verbose parsed url   host: null,
10 verbose parsed url   port: null,
10 verbose parsed url   hostname: null,
10 verbose parsed url   hash: null,
10 verbose parsed url   search: null,
10 verbose parsed url   query: null,
10 verbose parsed url   pathname: 'gulp@^3.9.0',
10 verbose parsed url   path: 'gulp@^3.9.0',
10 verbose parsed url   href: 'gulp@^3.9.0' }
11 verbose cache add [ 'gulp-browserify@^0.5.1', null ]
12 verbose cache add name=undefined spec="gulp-browserify@^0.5.1" args=["gulp-browserify@^0.5.1",null]
13 verbose parsed url { protocol: null,
13 verbose parsed url   slashes: null,
13 verbose parsed url   auth: null,
13 verbose parsed url   host: null,
13 verbose parsed url   port: null,
13 verbose parsed url   hostname: null,
13 verbose parsed url   hash: null,
13 verbose parsed url   search: null,
13 verbose parsed url   query: null,
13 verbose parsed url   pathname: 'gulp-browserify@^0.5.1',
13 verbose parsed url   path: 'gulp-browserify@^0.5.1',
13 verbose parsed url   href: 'gulp-browserify@^0.5.1' }
14 verbose cache add name="gulp" spec="^3.9.0" args=["gulp","^3.9.0"]
15 verbose parsed url { protocol: null,
15 verbose parsed url   slashes: null,
15 verbose parsed url   auth: null,
15 verbose parsed url   host: null,
15 verbose parsed url   port: null,
15 verbose parsed url   hostname: null,
15 verbose parsed url   hash: null,
15 verbose parsed url   search: null,
15 verbose parsed url   query: null,
15 verbose parsed url   pathname: '^3.9.0',
15 verbose parsed url   path: '^3.9.0',
15 verbose parsed url   href: '^3.9.0' }
16 verbose addNamed [ 'gulp', '^3.9.0' ]
17 verbose addNamed [ null, '>=3.9.0-0 <4.0.0-0' ]
18 verbose cache add [ 'gulp-cat@^0.3.3', null ]
19 verbose cache add name=undefined spec="gulp-cat@^0.3.3" args=["gulp-cat@^0.3.3",null]
20 verbose parsed url { protocol: null,
20 verbose parsed url   slashes: null,
20 verbose parsed url   auth: null,
20 verbose parsed url   host: null,
20 verbose parsed url   port: null,
20 verbose parsed url   hostname: null,
20 verbose parsed url   hash: null,
20 verbose parsed url   search: null,
20 verbose parsed url   query: null,
20 verbose parsed url   pathname: 'gulp-cat@^0.3.3',
20 verbose parsed url   path: 'gulp-cat@^0.3.3',
20 verbose parsed url   href: 'gulp-cat@^0.3.3' }
21 verbose cache add name="gulp-browserify" spec="^0.5.1" args=["gulp-browserify","^0.5.1"]
22 verbose parsed url { protocol: null,
22 verbose parsed url   slashes: null,
22 verbose parsed url   auth: null,
22 verbose parsed url   host: null,
22 verbose parsed url   port: null,
22 verbose parsed url   hostname: null,
22 verbose parsed url   hash: null,
22 verbose parsed url   search: null,
22 verbose parsed url   query: null,
22 verbose parsed url   pathname: '^0.5.1',
22 verbose parsed url   path: '^0.5.1',
22 verbose parsed url   href: '^0.5.1' }
23 verbose addNamed [ 'gulp-browserify', '^0.5.1' ]
24 verbose addNamed [ null, '>=0.5.1-0 <0.6.0-0' ]
25 silly lockFile a7ccee77-gulp-3-9-0 gulp@^3.9.0
26 verbose lock gulp@^3.9.0 /Users/tomdanvers/.npm/a7ccee77-gulp-3-9-0.lock
27 silly lockFile d073a4d6-gulp-browserify-0-5-1 gulp-browserify@^0.5.1
28 verbose lock gulp-browserify@^0.5.1 /Users/tomdanvers/.npm/d073a4d6-gulp-browserify-0-5-1.lock
29 verbose cache add [ 'gulp-changed@^1.2.1', null ]
30 verbose cache add name=undefined spec="gulp-changed@^1.2.1" args=["gulp-changed@^1.2.1",null]
31 verbose parsed url { protocol: null,
31 verbose parsed url   slashes: null,
31 verbose parsed url   auth: null,
31 verbose parsed url   host: null,
31 verbose parsed url   port: null,
31 verbose parsed url   hostname: null,
31 verbose parsed url   hash: null,
31 verbose parsed url   search: null,
31 verbose parsed url   query: null,
31 verbose parsed url   pathname: 'gulp-changed@^1.2.1',
31 verbose parsed url   path: 'gulp-changed@^1.2.1',
31 verbose parsed url   href: 'gulp-changed@^1.2.1' }
32 verbose cache add name="gulp-cat" spec="^0.3.3" args=["gulp-cat","^0.3.3"]
33 verbose parsed url { protocol: null,
33 verbose parsed url   slashes: null,
33 verbose parsed url   auth: null,
33 verbose parsed url   host: null,
33 verbose parsed url   port: null,
33 verbose parsed url   hostname: null,
33 verbose parsed url   hash: null,
33 verbose parsed url   search: null,
33 verbose parsed url   query: null,
33 verbose parsed url   pathname: '^0.3.3',
33 verbose parsed url   path: '^0.3.3',
33 verbose parsed url   href: '^0.3.3' }
34 verbose addNamed [ 'gulp-cat', '^0.3.3' ]
35 verbose addNamed [ null, '>=0.3.3-0 <0.4.0-0' ]
36 silly lockFile df96f675-gulp-cat-0-3-3 gulp-cat@^0.3.3
37 verbose lock gulp-cat@^0.3.3 /Users/tomdanvers/.npm/df96f675-gulp-cat-0-3-3.lock
38 verbose cache add [ 'gulp-compass@^2.1.0', null ]
39 verbose cache add name=undefined spec="gulp-compass@^2.1.0" args=["gulp-compass@^2.1.0",null]
40 verbose parsed url { protocol: null,
40 verbose parsed url   slashes: null,
40 verbose parsed url   auth: null,
40 verbose parsed url   host: null,
40 verbose parsed url   port: null,
40 verbose parsed url   hostname: null,
40 verbose parsed url   hash: null,
40 verbose parsed url   search: null,
40 verbose parsed url   query: null,
40 verbose parsed url   pathname: 'gulp-compass@^2.1.0',
40 verbose parsed url   path: 'gulp-compass@^2.1.0',
40 verbose parsed url   href: 'gulp-compass@^2.1.0' }
41 verbose cache add name="gulp-changed" spec="^1.2.1" args=["gulp-changed","^1.2.1"]
42 verbose parsed url { protocol: null,
42 verbose parsed url   slashes: null,
42 verbose parsed url   auth: null,
42 verbose parsed url   host: null,
42 verbose parsed url   port: null,
42 verbose parsed url   hostname: null,
42 verbose parsed url   hash: null,
42 verbose parsed url   search: null,
42 verbose parsed url   query: null,
42 verbose parsed url   pathname: '^1.2.1',
42 verbose parsed url   path: '^1.2.1',
42 verbose parsed url   href: '^1.2.1' }
43 verbose addNamed [ 'gulp-changed', '^1.2.1' ]
44 verbose addNamed [ null, '>=1.2.1-0 <2.0.0-0' ]
45 silly lockFile 304ab178-gulp-changed-1-2-1 gulp-changed@^1.2.1
46 verbose lock gulp-changed@^1.2.1 /Users/tomdanvers/.npm/304ab178-gulp-changed-1-2-1.lock
47 silly addNameRange { name: 'gulp', range: '>=3.9.0-0 <4.0.0-0', hasData: false }
48 verbose cache add [ 'gulp-concat@^2.6.0', null ]
49 verbose cache add name=undefined spec="gulp-concat@^2.6.0" args=["gulp-concat@^2.6.0",null]
50 verbose parsed url { protocol: null,
50 verbose parsed url   slashes: null,
50 verbose parsed url   auth: null,
50 verbose parsed url   host: null,
50 verbose parsed url   port: null,
50 verbose parsed url   hostname: null,
50 verbose parsed url   hash: null,
50 verbose parsed url   search: null,
50 verbose parsed url   query: null,
50 verbose parsed url   pathname: 'gulp-concat@^2.6.0',
50 verbose parsed url   path: 'gulp-concat@^2.6.0',
50 verbose parsed url   href: 'gulp-concat@^2.6.0' }
51 verbose cache add name="gulp-compass" spec="^2.1.0" args=["gulp-compass","^2.1.0"]
52 verbose parsed url { protocol: null,
52 verbose parsed url   slashes: null,
52 verbose parsed url   auth: null,
52 verbose parsed url   host: null,
52 verbose parsed url   port: null,
52 verbose parsed url   hostname: null,
52 verbose parsed url   hash: null,
52 verbose parsed url   search: null,
52 verbose parsed url   query: null,
52 verbose parsed url   pathname: '^2.1.0',
52 verbose parsed url   path: '^2.1.0',
52 verbose parsed url   href: '^2.1.0' }
53 verbose addNamed [ 'gulp-compass', '^2.1.0' ]
54 verbose addNamed [ null, '>=2.1.0-0 <3.0.0-0' ]
55 silly lockFile 5a7fe685-gulp-compass-2-1-0 gulp-compass@^2.1.0
56 verbose lock gulp-compass@^2.1.0 /Users/tomdanvers/.npm/5a7fe685-gulp-compass-2-1-0.lock
57 silly addNameRange { name: 'gulp-browserify',
57 silly addNameRange   range: '>=0.5.1-0 <0.6.0-0',
57 silly addNameRange   hasData: false }
58 silly addNameRange { name: 'gulp-cat', range: '>=0.3.3-0 <0.4.0-0', hasData: false }
59 verbose cache add [ 'gulp-connect@^2.2.0', null ]
60 verbose cache add name=undefined spec="gulp-connect@^2.2.0" args=["gulp-connect@^2.2.0",null]
61 verbose parsed url { protocol: null,
61 verbose parsed url   slashes: null,
61 verbose parsed url   auth: null,
61 verbose parsed url   host: null,
61 verbose parsed url   port: null,
61 verbose parsed url   hostname: null,
61 verbose parsed url   hash: null,
61 verbose parsed url   search: null,
61 verbose parsed url   query: null,
61 verbose parsed url   pathname: 'gulp-connect@^2.2.0',
61 verbose parsed url   path: 'gulp-connect@^2.2.0',
61 verbose parsed url   href: 'gulp-connect@^2.2.0' }
62 verbose cache add [ 'gulp-minify-css@^1.2.0', null ]
63 verbose cache add name=undefined spec="gulp-minify-css@^1.2.0" args=["gulp-minify-css@^1.2.0",null]
64 verbose parsed url { protocol: null,
64 verbose parsed url   slashes: null,
64 verbose parsed url   auth: null,
64 verbose parsed url   host: null,
64 verbose parsed url   port: null,
64 verbose parsed url   hostname: null,
64 verbose parsed url   hash: null,
64 verbose parsed url   search: null,
64 verbose parsed url   query: null,
64 verbose parsed url   pathname: 'gulp-minify-css@^1.2.0',
64 verbose parsed url   path: 'gulp-minify-css@^1.2.0',
64 verbose parsed url   href: 'gulp-minify-css@^1.2.0' }
65 verbose cache add name="gulp-concat" spec="^2.6.0" args=["gulp-concat","^2.6.0"]
66 verbose parsed url { protocol: null,
66 verbose parsed url   slashes: null,
66 verbose parsed url   auth: null,
66 verbose parsed url   host: null,
66 verbose parsed url   port: null,
66 verbose parsed url   hostname: null,
66 verbose parsed url   hash: null,
66 verbose parsed url   search: null,
66 verbose parsed url   query: null,
66 verbose parsed url   pathname: '^2.6.0',
66 verbose parsed url   path: '^2.6.0',
66 verbose parsed url   href: '^2.6.0' }
67 verbose addNamed [ 'gulp-concat', '^2.6.0' ]
68 verbose addNamed [ null, '>=2.6.0-0 <3.0.0-0' ]
69 silly lockFile 743f1d08-gulp-concat-2-6-0 gulp-concat@^2.6.0
70 verbose lock gulp-concat@^2.6.0 /Users/tomdanvers/.npm/743f1d08-gulp-concat-2-6-0.lock
71 verbose cache add [ 'gulp-sass@^2.0.3', null ]
72 verbose cache add name=undefined spec="gulp-sass@^2.0.3" args=["gulp-sass@^2.0.3",null]
73 verbose parsed url { protocol: null,
73 verbose parsed url   slashes: null,
73 verbose parsed url   auth: null,
73 verbose parsed url   host: null,
73 verbose parsed url   port: null,
73 verbose parsed url   hostname: null,
73 verbose parsed url   hash: null,
73 verbose parsed url   search: null,
73 verbose parsed url   query: null,
73 verbose parsed url   pathname: 'gulp-sass@^2.0.3',
73 verbose parsed url   path: 'gulp-sass@^2.0.3',
73 verbose parsed url   href: 'gulp-sass@^2.0.3' }
74 verbose cache add [ 'gulp-size@^1.2.3', null ]
75 verbose cache add name=undefined spec="gulp-size@^1.2.3" args=["gulp-size@^1.2.3",null]
76 verbose parsed url { protocol: null,
76 verbose parsed url   slashes: null,
76 verbose parsed url   auth: null,
76 verbose parsed url   host: null,
76 verbose parsed url   port: null,
76 verbose parsed url   hostname: null,
76 verbose parsed url   hash: null,
76 verbose parsed url   search: null,
76 verbose parsed url   query: null,
76 verbose parsed url   pathname: 'gulp-size@^1.2.3',
76 verbose parsed url   path: 'gulp-size@^1.2.3',
76 verbose parsed url   href: 'gulp-size@^1.2.3' }
77 verbose cache add [ 'gulp-strip-debug@^1.0.2', null ]
78 verbose cache add name=undefined spec="gulp-strip-debug@^1.0.2" args=["gulp-strip-debug@^1.0.2",null]
79 verbose parsed url { protocol: null,
79 verbose parsed url   slashes: null,
79 verbose parsed url   auth: null,
79 verbose parsed url   host: null,
79 verbose parsed url   port: null,
79 verbose parsed url   hostname: null,
79 verbose parsed url   hash: null,
79 verbose parsed url   search: null,
79 verbose parsed url   query: null,
79 verbose parsed url   pathname: 'gulp-strip-debug@^1.0.2',
79 verbose parsed url   path: 'gulp-strip-debug@^1.0.2',
79 verbose parsed url   href: 'gulp-strip-debug@^1.0.2' }
80 verbose cache add [ 'gulp-uglify@^1.2.0', null ]
81 verbose cache add name=undefined spec="gulp-uglify@^1.2.0" args=["gulp-uglify@^1.2.0",null]
82 verbose parsed url { protocol: null,
82 verbose parsed url   slashes: null,
82 verbose parsed url   auth: null,
82 verbose parsed url   host: null,
82 verbose parsed url   port: null,
82 verbose parsed url   hostname: null,
82 verbose parsed url   hash: null,
82 verbose parsed url   search: null,
82 verbose parsed url   query: null,
82 verbose parsed url   pathname: 'gulp-uglify@^1.2.0',
82 verbose parsed url   path: 'gulp-uglify@^1.2.0',
82 verbose parsed url   href: 'gulp-uglify@^1.2.0' }
83 verbose cache add [ 'gulp-util@^3.0.6', null ]
84 verbose cache add name=undefined spec="gulp-util@^3.0.6" args=["gulp-util@^3.0.6",null]
85 verbose parsed url { protocol: null,
85 verbose parsed url   slashes: null,
85 verbose parsed url   auth: null,
85 verbose parsed url   host: null,
85 verbose parsed url   port: null,
85 verbose parsed url   hostname: null,
85 verbose parsed url   hash: null,
85 verbose parsed url   search: null,
85 verbose parsed url   query: null,
85 verbose parsed url   pathname: 'gulp-util@^3.0.6',
85 verbose parsed url   path: 'gulp-util@^3.0.6',
85 verbose parsed url   href: 'gulp-util@^3.0.6' }
86 silly addNameRange { name: 'gulp-changed',
86 silly addNameRange   range: '>=1.2.1-0 <2.0.0-0',
86 silly addNameRange   hasData: false }
87 verbose cache add name="gulp-connect" spec="^2.2.0" args=["gulp-connect","^2.2.0"]
88 verbose parsed url { protocol: null,
88 verbose parsed url   slashes: null,
88 verbose parsed url   auth: null,
88 verbose parsed url   host: null,
88 verbose parsed url   port: null,
88 verbose parsed url   hostname: null,
88 verbose parsed url   hash: null,
88 verbose parsed url   search: null,
88 verbose parsed url   query: null,
88 verbose parsed url   pathname: '^2.2.0',
88 verbose parsed url   path: '^2.2.0',
88 verbose parsed url   href: '^2.2.0' }
89 verbose addNamed [ 'gulp-connect', '^2.2.0' ]
90 verbose addNamed [ null, '>=2.2.0-0 <3.0.0-0' ]
91 silly lockFile 16693282-gulp-connect-2-2-0 gulp-connect@^2.2.0
92 verbose lock gulp-connect@^2.2.0 /Users/tomdanvers/.npm/16693282-gulp-connect-2-2-0.lock
93 verbose cache add name="gulp-minify-css" spec="^1.2.0" args=["gulp-minify-css","^1.2.0"]
94 verbose parsed url { protocol: null,
94 verbose parsed url   slashes: null,
94 verbose parsed url   auth: null,
94 verbose parsed url   host: null,
94 verbose parsed url   port: null,
94 verbose parsed url   hostname: null,
94 verbose parsed url   hash: null,
94 verbose parsed url   search: null,
94 verbose parsed url   query: null,
94 verbose parsed url   pathname: '^1.2.0',
94 verbose parsed url   path: '^1.2.0',
94 verbose parsed url   href: '^1.2.0' }
95 verbose addNamed [ 'gulp-minify-css', '^1.2.0' ]
96 verbose addNamed [ null, '>=1.2.0-0 <2.0.0-0' ]
97 silly lockFile 6052a754-gulp-minify-css-1-2-0 gulp-minify-css@^1.2.0
98 verbose lock gulp-minify-css@^1.2.0 /Users/tomdanvers/.npm/6052a754-gulp-minify-css-1-2-0.lock
99 verbose cache add name="gulp-sass" spec="^2.0.3" args=["gulp-sass","^2.0.3"]
100 verbose parsed url { protocol: null,
100 verbose parsed url   slashes: null,
100 verbose parsed url   auth: null,
100 verbose parsed url   host: null,
100 verbose parsed url   port: null,
100 verbose parsed url   hostname: null,
100 verbose parsed url   hash: null,
100 verbose parsed url   search: null,
100 verbose parsed url   query: null,
100 verbose parsed url   pathname: '^2.0.3',
100 verbose parsed url   path: '^2.0.3',
100 verbose parsed url   href: '^2.0.3' }
101 verbose addNamed [ 'gulp-sass', '^2.0.3' ]
102 verbose addNamed [ null, '>=2.0.3-0 <3.0.0-0' ]
103 silly lockFile 4e9a2ea8-gulp-sass-2-0-3 gulp-sass@^2.0.3
104 verbose lock gulp-sass@^2.0.3 /Users/tomdanvers/.npm/4e9a2ea8-gulp-sass-2-0-3.lock
105 verbose cache add name="gulp-size" spec="^1.2.3" args=["gulp-size","^1.2.3"]
106 verbose parsed url { protocol: null,
106 verbose parsed url   slashes: null,
106 verbose parsed url   auth: null,
106 verbose parsed url   host: null,
106 verbose parsed url   port: null,
106 verbose parsed url   hostname: null,
106 verbose parsed url   hash: null,
106 verbose parsed url   search: null,
106 verbose parsed url   query: null,
106 verbose parsed url   pathname: '^1.2.3',
106 verbose parsed url   path: '^1.2.3',
106 verbose parsed url   href: '^1.2.3' }
107 verbose addNamed [ 'gulp-size', '^1.2.3' ]
108 verbose addNamed [ null, '>=1.2.3-0 <2.0.0-0' ]
109 silly lockFile b7d015e8-gulp-size-1-2-3 gulp-size@^1.2.3
110 verbose lock gulp-size@^1.2.3 /Users/tomdanvers/.npm/b7d015e8-gulp-size-1-2-3.lock
111 verbose cache add name="gulp-strip-debug" spec="^1.0.2" args=["gulp-strip-debug","^1.0.2"]
112 verbose parsed url { protocol: null,
112 verbose parsed url   slashes: null,
112 verbose parsed url   auth: null,
112 verbose parsed url   host: null,
112 verbose parsed url   port: null,
112 verbose parsed url   hostname: null,
112 verbose parsed url   hash: null,
112 verbose parsed url   search: null,
112 verbose parsed url   query: null,
112 verbose parsed url   pathname: '^1.0.2',
112 verbose parsed url   path: '^1.0.2',
112 verbose parsed url   href: '^1.0.2' }
113 verbose addNamed [ 'gulp-strip-debug', '^1.0.2' ]
114 verbose addNamed [ null, '>=1.0.2-0 <2.0.0-0' ]
115 silly lockFile 761dda0f-gulp-strip-debug-1-0-2 gulp-strip-debug@^1.0.2
116 verbose lock gulp-strip-debug@^1.0.2 /Users/tomdanvers/.npm/761dda0f-gulp-strip-debug-1-0-2.lock
117 verbose cache add name="gulp-uglify" spec="^1.2.0" args=["gulp-uglify","^1.2.0"]
118 verbose parsed url { protocol: null,
118 verbose parsed url   slashes: null,
118 verbose parsed url   auth: null,
118 verbose parsed url   host: null,
118 verbose parsed url   port: null,
118 verbose parsed url   hostname: null,
118 verbose parsed url   hash: null,
118 verbose parsed url   search: null,
118 verbose parsed url   query: null,
118 verbose parsed url   pathname: '^1.2.0',
118 verbose parsed url   path: '^1.2.0',
118 verbose parsed url   href: '^1.2.0' }
119 verbose addNamed [ 'gulp-uglify', '^1.2.0' ]
120 verbose addNamed [ null, '>=1.2.0-0 <2.0.0-0' ]
121 silly lockFile c20ad875-gulp-uglify-1-2-0 gulp-uglify@^1.2.0
122 verbose lock gulp-uglify@^1.2.0 /Users/tomdanvers/.npm/c20ad875-gulp-uglify-1-2-0.lock
123 verbose cache add name="gulp-util" spec="^3.0.6" args=["gulp-util","^3.0.6"]
124 verbose parsed url { protocol: null,
124 verbose parsed url   slashes: null,
124 verbose parsed url   auth: null,
124 verbose parsed url   host: null,
124 verbose parsed url   port: null,
124 verbose parsed url   hostname: null,
124 verbose parsed url   hash: null,
124 verbose parsed url   search: null,
124 verbose parsed url   query: null,
124 verbose parsed url   pathname: '^3.0.6',
124 verbose parsed url   path: '^3.0.6',
124 verbose parsed url   href: '^3.0.6' }
125 verbose addNamed [ 'gulp-util', '^3.0.6' ]
126 verbose addNamed [ null, '>=3.0.6-0 <4.0.0-0' ]
127 silly lockFile e993f8f9-gulp-util-3-0-6 gulp-util@^3.0.6
128 verbose lock gulp-util@^3.0.6 /Users/tomdanvers/.npm/e993f8f9-gulp-util-3-0-6.lock
129 silly addNameRange { name: 'gulp-compass',
129 silly addNameRange   range: '>=2.1.0-0 <3.0.0-0',
129 silly addNameRange   hasData: false }
130 silly addNameRange { name: 'gulp-concat',
130 silly addNameRange   range: '>=2.6.0-0 <3.0.0-0',
130 silly addNameRange   hasData: false }
131 silly addNameRange { name: 'gulp-connect',
131 silly addNameRange   range: '>=2.2.0-0 <3.0.0-0',
131 silly addNameRange   hasData: false }
132 silly addNameRange { name: 'gulp-minify-css',
132 silly addNameRange   range: '>=1.2.0-0 <2.0.0-0',
132 silly addNameRange   hasData: false }
133 silly addNameRange { name: 'gulp-sass',
133 silly addNameRange   range: '>=2.0.3-0 <3.0.0-0',
133 silly addNameRange   hasData: false }
134 silly addNameRange { name: 'gulp-size',
134 silly addNameRange   range: '>=1.2.3-0 <2.0.0-0',
134 silly addNameRange   hasData: false }
135 silly addNameRange { name: 'gulp-strip-debug',
135 silly addNameRange   range: '>=1.0.2-0 <2.0.0-0',
135 silly addNameRange   hasData: false }
136 silly addNameRange { name: 'gulp-uglify',
136 silly addNameRange   range: '>=1.2.0-0 <2.0.0-0',
136 silly addNameRange   hasData: false }
137 silly addNameRange { name: 'gulp-util',
137 silly addNameRange   range: '>=3.0.6-0 <4.0.0-0',
137 silly addNameRange   hasData: false }
138 verbose request where is /gulp-changed
139 verbose request registry https://registry.npmjs.org/
140 verbose request id ce7d30f71131cae8
141 verbose url raw /gulp-changed
142 verbose url resolving [ 'https://registry.npmjs.org/', './gulp-changed' ]
143 verbose url resolved https://registry.npmjs.org/gulp-changed
144 verbose request where is https://registry.npmjs.org/gulp-changed
145 info trying registry request attempt 1 at 14:21:56
146 verbose etag "9OBQ4861B8HOW618IDPMQ6LRI"
147 http GET https://registry.npmjs.org/gulp-changed
148 verbose request where is /gulp-cat
149 verbose request registry https://registry.npmjs.org/
150 verbose url raw /gulp-cat
151 verbose url resolving [ 'https://registry.npmjs.org/', './gulp-cat' ]
152 verbose url resolved https://registry.npmjs.org/gulp-cat
153 verbose request where is https://registry.npmjs.org/gulp-cat
154 info trying registry request attempt 1 at 14:21:56
155 verbose etag "4DI2QK9XWA1W2I31YKXXT8FQG"
156 http GET https://registry.npmjs.org/gulp-cat
157 verbose request where is /gulp-browserify
158 verbose request registry https://registry.npmjs.org/
159 verbose url raw /gulp-browserify
160 verbose url resolving [ 'https://registry.npmjs.org/', './gulp-browserify' ]
161 verbose url resolved https://registry.npmjs.org/gulp-browserify
162 verbose request where is https://registry.npmjs.org/gulp-browserify
163 info trying registry request attempt 1 at 14:21:56
164 verbose etag "2H68SB97X4ZS6FXP4410CO6MV"
165 http GET https://registry.npmjs.org/gulp-browserify
166 verbose request where is /gulp-compass
167 verbose request registry https://registry.npmjs.org/
168 verbose url raw /gulp-compass
169 verbose url resolving [ 'https://registry.npmjs.org/', './gulp-compass' ]
170 verbose url resolved https://registry.npmjs.org/gulp-compass
171 verbose request where is https://registry.npmjs.org/gulp-compass
172 info trying registry request attempt 1 at 14:21:56
173 verbose etag "1BD0V0FT6J27MKFKZIE65T3JD"
174 http GET https://registry.npmjs.org/gulp-compass
175 verbose request where is /gulp-concat
176 verbose request registry https://registry.npmjs.org/
177 verbose url raw /gulp-concat
178 verbose url resolving [ 'https://registry.npmjs.org/', './gulp-concat' ]
179 verbose url resolved https://registry.npmjs.org/gulp-concat
180 verbose request where is https://registry.npmjs.org/gulp-concat
181 info trying registry request attempt 1 at 14:21:56
182 verbose etag "DH7UNJXL2X14LAAX75109HS1V"
183 http GET https://registry.npmjs.org/gulp-concat
184 verbose request where is /gulp-connect
185 verbose request registry https://registry.npmjs.org/
186 verbose url raw /gulp-connect
187 verbose url resolving [ 'https://registry.npmjs.org/', './gulp-connect' ]
188 verbose url resolved https://registry.npmjs.org/gulp-connect
189 verbose request where is https://registry.npmjs.org/gulp-connect
190 info trying registry request attempt 1 at 14:21:56
191 verbose etag "83D87THYR2LDXJUXBOPEVS7N4"
192 http GET https://registry.npmjs.org/gulp-connect
193 verbose request where is /gulp-minify-css
194 verbose request registry https://registry.npmjs.org/
195 verbose url raw /gulp-minify-css
196 verbose url resolving [ 'https://registry.npmjs.org/', './gulp-minify-css' ]
197 verbose url resolved https://registry.npmjs.org/gulp-minify-css
198 verbose request where is https://registry.npmjs.org/gulp-minify-css
199 info trying registry request attempt 1 at 14:21:56
200 verbose etag "1LIT3Q4SQT0Y68RGG5V3SOXLO"
201 http GET https://registry.npmjs.org/gulp-minify-css
202 verbose request where is /gulp-size
203 verbose request registry https://registry.npmjs.org/
204 verbose url raw /gulp-size
205 verbose url resolving [ 'https://registry.npmjs.org/', './gulp-size' ]
206 verbose url resolved https://registry.npmjs.org/gulp-size
207 verbose request where is https://registry.npmjs.org/gulp-size
208 info trying registry request attempt 1 at 14:21:56
209 verbose etag "64IV3AUWTCZKD1619QUAYLZNQ"
210 http GET https://registry.npmjs.org/gulp-size
211 verbose request where is /gulp-sass
212 verbose request registry https://registry.npmjs.org/
213 verbose url raw /gulp-sass
214 verbose url resolving [ 'https://registry.npmjs.org/', './gulp-sass' ]
215 verbose url resolved https://registry.npmjs.org/gulp-sass
216 verbose request where is https://registry.npmjs.org/gulp-sass
217 info trying registry request attempt 1 at 14:21:56
218 verbose etag "A867BYF94SZUOR1C2LJTO1J1I"
219 http GET https://registry.npmjs.org/gulp-sass
220 verbose request where is /gulp
221 verbose request registry https://registry.npmjs.org/
222 verbose url raw /gulp
223 verbose url resolving [ 'https://registry.npmjs.org/', './gulp' ]
224 verbose url resolved https://registry.npmjs.org/gulp
225 verbose request where is https://registry.npmjs.org/gulp
226 info trying registry request attempt 1 at 14:21:56
227 verbose etag "6XH0YFDPIGHYLR22UXAFH2S3M"
228 http GET https://registry.npmjs.org/gulp
229 verbose request where is /gulp-uglify
230 verbose request registry https://registry.npmjs.org/
231 verbose url raw /gulp-uglify
232 verbose url resolving [ 'https://registry.npmjs.org/', './gulp-uglify' ]
233 verbose url resolved https://registry.npmjs.org/gulp-uglify
234 verbose request where is https://registry.npmjs.org/gulp-uglify
235 info trying registry request attempt 1 at 14:21:56
236 verbose etag "D96GCISLWXS987DQOFZ2XPXP4"
237 http GET https://registry.npmjs.org/gulp-uglify
238 verbose request where is /gulp-util
239 verbose request registry https://registry.npmjs.org/
240 verbose url raw /gulp-util
241 verbose url resolving [ 'https://registry.npmjs.org/', './gulp-util' ]
242 verbose url resolved https://registry.npmjs.org/gulp-util
243 verbose request where is https://registry.npmjs.org/gulp-util
244 info trying registry request attempt 1 at 14:21:56
245 verbose etag "C5ESNQQFXB8GX4S39L929R0UU"
246 http GET https://registry.npmjs.org/gulp-util
247 verbose request where is /gulp-strip-debug
248 verbose request registry https://registry.npmjs.org/
249 verbose url raw /gulp-strip-debug
250 verbose url resolving [ 'https://registry.npmjs.org/', './gulp-strip-debug' ]
251 verbose url resolved https://registry.npmjs.org/gulp-strip-debug
252 verbose request where is https://registry.npmjs.org/gulp-strip-debug
253 info trying registry request attempt 1 at 14:21:56
254 verbose etag "3XCSGL6UV5KV583FELVFKWDIF"
255 http GET https://registry.npmjs.org/gulp-strip-debug
256 http 304 https://registry.npmjs.org/gulp-compass
257 silly registry.get cb [ 304,
257 silly registry.get   { date: 'Tue, 11 Aug 2015 13:21:56 GMT',
257 silly registry.get     via: '1.1 varnish',
257 silly registry.get     'cache-control': 'max-age=60',
257 silly registry.get     etag: '"1BD0V0FT6J27MKFKZIE65T3JD"',
257 silly registry.get     age: '7',
257 silly registry.get     connection: 'keep-alive',
257 silly registry.get     'x-served-by': 'cache-fra1233-FRA',
257 silly registry.get     'x-cache': 'HIT',
257 silly registry.get     'x-cache-hits': '41',
257 silly registry.get     'x-timer': 'S1439299316.969600,VS0,VE0',
257 silly registry.get     vary: 'Accept' } ]
258 verbose etag https://registry.npmjs.org/gulp-compass from cache
259 http 304 https://registry.npmjs.org/gulp-concat
260 silly registry.get cb [ 304,
260 silly registry.get   { date: 'Tue, 11 Aug 2015 13:21:56 GMT',
260 silly registry.get     via: '1.1 varnish',
260 silly registry.get     'cache-control': 'max-age=60',
260 silly registry.get     etag: '"DH7UNJXL2X14LAAX75109HS1V"',
260 silly registry.get     age: '32',
260 silly registry.get     connection: 'keep-alive',
260 silly registry.get     'x-served-by': 'cache-fra1220-FRA',
260 silly registry.get     'x-cache': 'HIT',
260 silly registry.get     'x-cache-hits': '1',
260 silly registry.get     'x-timer': 'S1439299316.970762,VS0,VE0',
260 silly registry.get     vary: 'Accept' } ]
261 verbose etag https://registry.npmjs.org/gulp-concat from cache
262 http 304 https://registry.npmjs.org/gulp-browserify
263 silly registry.get cb [ 304,
263 silly registry.get   { date: 'Tue, 11 Aug 2015 13:21:56 GMT',
263 silly registry.get     via: '1.1 varnish',
263 silly registry.get     'cache-control': 'max-age=60',
263 silly registry.get     etag: '"2H68SB97X4ZS6FXP4410CO6MV"',
263 silly registry.get     age: '22',
263 silly registry.get     connection: 'keep-alive',
263 silly registry.get     'x-served-by': 'cache-fra1230-FRA',
263 silly registry.get     'x-cache': 'HIT',
263 silly registry.get     'x-cache-hits': '1',
263 silly registry.get     'x-timer': 'S1439299316.973012,VS0,VE0',
263 silly registry.get     vary: 'Accept' } ]
264 verbose etag https://registry.npmjs.org/gulp-browserify from cache
265 silly addNameRange number 2 { name: 'gulp-browserify',
265 silly addNameRange   range: '>=0.5.1-0 <0.6.0-0',
265 silly addNameRange   hasData: true }
266 silly addNameRange versions [ 'gulp-browserify',
266 silly addNameRange   [ '0.1.0',
266 silly addNameRange     '0.1.1',
266 silly addNameRange     '0.1.2',
266 silly addNameRange     '0.2.2',
266 silly addNameRange     '0.2.3',
266 silly addNameRange     '0.2.4',
266 silly addNameRange     '0.2.5',
266 silly addNameRange     '0.2.6',
266 silly addNameRange     '0.2.7',
266 silly addNameRange     '0.3.0',
266 silly addNameRange     '0.3.1',
266 silly addNameRange     '0.3.2',
266 silly addNameRange     '0.3.3',
266 silly addNameRange     '0.3.4',
266 silly addNameRange     '0.4.0',
266 silly addNameRange     '0.4.1',
266 silly addNameRange     '0.4.2',
266 silly addNameRange     '0.4.3',
266 silly addNameRange     '0.4.4',
266 silly addNameRange     '0.4.5',
266 silly addNameRange     '0.4.6',
266 silly addNameRange     '0.5.0',
266 silly addNameRange     '0.5.1' ] ]
267 verbose addNamed [ 'gulp-browserify', '0.5.1' ]
268 verbose addNamed [ '0.5.1', '0.5.1' ]
269 silly lockFile 238d2b6c-gulp-browserify-0-5-1 gulp-browserify@0.5.1
270 verbose lock gulp-browserify@0.5.1 /Users/tomdanvers/.npm/238d2b6c-gulp-browserify-0-5-1.lock
271 silly addNameRange number 2 { name: 'gulp-concat',
271 silly addNameRange   range: '>=2.6.0-0 <3.0.0-0',
271 silly addNameRange   hasData: true }
272 silly addNameRange versions [ 'gulp-concat',
272 silly addNameRange   [ '0.0.1',
272 silly addNameRange     '1.0.0',
272 silly addNameRange     '1.1.0',
272 silly addNameRange     '2.0.0',
272 silly addNameRange     '2.1.0',
272 silly addNameRange     '2.1.1',
272 silly addNameRange     '2.1.2',
272 silly addNameRange     '2.1.3',
272 silly addNameRange     '2.1.4',
272 silly addNameRange     '2.1.5',
272 silly addNameRange     '2.1.6',
272 silly addNameRange     '2.1.7',
272 silly addNameRange     '2.2.0',
272 silly addNameRange     '2.3.0',
272 silly addNameRange     '2.3.3',
272 silly addNameRange     '2.3.4',
272 silly addNameRange     '2.3.5',
272 silly addNameRange     '2.4.0',
272 silly addNameRange     '2.4.1',
272 silly addNameRange     '2.4.2',
272 silly addNameRange     '2.4.3',
272 silly addNameRange     '2.5.0',
272 silly addNameRange     '2.5.1',
272 silly addNameRange     '2.5.2',
272 silly addNameRange     '2.6.0' ] ]
273 verbose addNamed [ 'gulp-concat', '2.6.0' ]
274 verbose addNamed [ '2.6.0', '2.6.0' ]
275 silly lockFile 03b8a742-gulp-concat-2-6-0 gulp-concat@2.6.0
276 verbose lock gulp-concat@2.6.0 /Users/tomdanvers/.npm/03b8a742-gulp-concat-2-6-0.lock
277 http 200 https://registry.npmjs.org/gulp-changed
278 silly registry.get cb [ 200,
278 silly registry.get   { server: 'CouchDB/1.5.0 (Erlang OTP/R16B03)',
278 silly registry.get     etag: '"6EFSI1F63DAVPK513UVREKFT8"',
278 silly registry.get     'content-type': 'application/json',
278 silly registry.get     'cache-control': 'max-age=60',
278 silly registry.get     'content-length': '21622',
278 silly registry.get     'accept-ranges': 'bytes',
278 silly registry.get     date: 'Tue, 11 Aug 2015 13:21:56 GMT',
278 silly registry.get     via: '1.1 varnish',
278 silly registry.get     age: '42',
278 silly registry.get     connection: 'keep-alive',
278 silly registry.get     'x-served-by': 'cache-fra1245-FRA',
278 silly registry.get     'x-cache': 'HIT',
278 silly registry.get     'x-cache-hits': '1',
278 silly registry.get     'x-timer': 'S1439299316.969211,VS0,VE0',
278 silly registry.get     vary: 'Accept' } ]
279 silly addNameRange number 2 { name: 'gulp-compass',
279 silly addNameRange   range: '>=2.1.0-0 <3.0.0-0',
279 silly addNameRange   hasData: true }
280 silly addNameRange versions [ 'gulp-compass',
280 silly addNameRange   [ '0.0.1',
280 silly addNameRange     '0.0.2',
280 silly addNameRange     '0.0.3',
280 silly addNameRange     '0.0.4',
280 silly addNameRange     '0.0.5',
280 silly addNameRange     '0.0.6',
280 silly addNameRange     '1.0.0',
280 silly addNameRange     '1.0.1',
280 silly addNameRange     '1.0.2',
280 silly addNameRange     '1.0.3',
280 silly addNameRange     '1.0.4',
280 silly addNameRange     '1.0.5',
280 silly addNameRange     '1.0.6',
280 silly addNameRange     '1.0.7',
280 silly addNameRange     '1.0.8',
280 silly addNameRange     '1.0.9',
280 silly addNameRange     '1.1.0',
280 silly addNameRange     '1.1.1',
280 silly addNameRange     '1.1.2',
280 silly addNameRange     '1.1.3',
280 silly addNameRange     '1.1.4',
280 silly addNameRange     '1.1.5',
280 silly addNameRange     '1.1.6',
280 silly addNameRange     '1.1.7',
280 silly addNameRange     '1.1.8',
280 silly addNameRange     '1.1.9',
280 silly addNameRange     '1.2.0',
280 silly addNameRange     '1.3.0',
280 silly addNameRange     '1.3.1',
280 silly addNameRange     '1.3.2',
280 silly addNameRange     '1.3.3',
280 silly addNameRange     '2.0.0',
280 silly addNameRange     '2.0.1',
280 silly addNameRange     '2.0.2',
280 silly addNameRange     '2.0.3',
280 silly addNameRange     '2.0.4',
280 silly addNameRange     '2.1.0' ] ]
281 verbose addNamed [ 'gulp-compass', '2.1.0' ]
282 verbose addNamed [ '2.1.0', '2.1.0' ]
283 silly lockFile ad2a5e9b-gulp-compass-2-1-0 gulp-compass@2.1.0
284 verbose lock gulp-compass@2.1.0 /Users/tomdanvers/.npm/ad2a5e9b-gulp-compass-2-1-0.lock
285 silly lockFile 238d2b6c-gulp-browserify-0-5-1 gulp-browserify@0.5.1
286 silly lockFile 238d2b6c-gulp-browserify-0-5-1 gulp-browserify@0.5.1
287 silly lockFile 03b8a742-gulp-concat-2-6-0 gulp-concat@2.6.0
288 silly lockFile 03b8a742-gulp-concat-2-6-0 gulp-concat@2.6.0
289 http 304 https://registry.npmjs.org/gulp-connect
290 silly registry.get cb [ 304,
290 silly registry.get   { date: 'Tue, 11 Aug 2015 13:21:56 GMT',
290 silly registry.get     via: '1.1 varnish',
290 silly registry.get     'cache-control': 'max-age=60',
290 silly registry.get     etag: '"83D87THYR2LDXJUXBOPEVS7N4"',
290 silly registry.get     age: '30',
290 silly registry.get     connection: 'keep-alive',
290 silly registry.get     'x-served-by': 'cache-fra1233-FRA',
290 silly registry.get     'x-cache': 'HIT',
290 silly registry.get     'x-cache-hits': '1',
290 silly registry.get     'x-timer': 'S1439299316.992202,VS0,VE0',
290 silly registry.get     vary: 'Accept' } ]
291 verbose etag https://registry.npmjs.org/gulp-connect from cache
292 silly lockFile d073a4d6-gulp-browserify-0-5-1 gulp-browserify@^0.5.1
293 silly lockFile d073a4d6-gulp-browserify-0-5-1 gulp-browserify@^0.5.1
294 silly lockFile 743f1d08-gulp-concat-2-6-0 gulp-concat@^2.6.0
295 silly lockFile 743f1d08-gulp-concat-2-6-0 gulp-concat@^2.6.0
296 silly addNameRange number 2 { name: 'gulp-changed',
296 silly addNameRange   range: '>=1.2.1-0 <2.0.0-0',
296 silly addNameRange   hasData: true }
297 silly addNameRange versions [ 'gulp-changed',
297 silly addNameRange   [ '0.1.0',
297 silly addNameRange     '0.2.0',
297 silly addNameRange     '0.2.1',
297 silly addNameRange     '0.3.0',
297 silly addNameRange     '0.4.0',
297 silly addNameRange     '0.4.1',
297 silly addNameRange     '1.0.0',
297 silly addNameRange     '1.1.0',
297 silly addNameRange     '1.1.1',
297 silly addNameRange     '1.2.0',
297 silly addNameRange     '1.2.1',
297 silly addNameRange     '1.3.0' ] ]
298 verbose addNamed [ 'gulp-changed', '1.3.0' ]
299 verbose addNamed [ '1.3.0', '1.3.0' ]
300 silly lockFile fbf9a613-gulp-changed-1-3-0 gulp-changed@1.3.0
301 verbose lock gulp-changed@1.3.0 /Users/tomdanvers/.npm/fbf9a613-gulp-changed-1-3-0.lock
302 http 304 https://registry.npmjs.org/gulp-minify-css
303 silly registry.get cb [ 304,
303 silly registry.get   { date: 'Tue, 11 Aug 2015 13:21:56 GMT',
303 silly registry.get     via: '1.1 varnish',
303 silly registry.get     'cache-control': 'max-age=60',
303 silly registry.get     etag: '"1LIT3Q4SQT0Y68RGG5V3SOXLO"',
303 silly registry.get     age: '42',
303 silly registry.get     connection: 'keep-alive',
303 silly registry.get     'x-served-by': 'cache-fra1220-FRA',
303 silly registry.get     'x-cache': 'HIT',
303 silly registry.get     'x-cache-hits': '1',
303 silly registry.get     'x-timer': 'S1439299316.992388,VS0,VE0',
303 silly registry.get     vary: 'Accept' } ]
304 verbose etag https://registry.npmjs.org/gulp-minify-css from cache
305 silly lockFile 5c9add82-p-changed-gulp-changed-1-3-0-tgz https://registry.npmjs.org/gulp-changed/-/gulp-changed-1.3.0.tgz
306 verbose lock https://registry.npmjs.org/gulp-changed/-/gulp-changed-1.3.0.tgz /Users/tomdanvers/.npm/5c9add82-p-changed-gulp-changed-1-3-0-tgz.lock
307 http 200 https://registry.npmjs.org/gulp-size
308 silly registry.get cb [ 200,
308 silly registry.get   { server: 'CouchDB/1.5.0 (Erlang OTP/R16B03)',
308 silly registry.get     etag: '"9NQ6XD3V8P7SA92D3AF7LL67I"',
308 silly registry.get     'content-type': 'application/json',
308 silly registry.get     'cache-control': 'max-age=60',
308 silly registry.get     'content-length': '21579',
308 silly registry.get     'accept-ranges': 'bytes',
308 silly registry.get     date: 'Tue, 11 Aug 2015 13:21:56 GMT',
308 silly registry.get     via: '1.1 varnish',
308 silly registry.get     age: '32',
308 silly registry.get     connection: 'keep-alive',
308 silly registry.get     'x-served-by': 'cache-fra1230-FRA',
308 silly registry.get     'x-cache': 'HIT',
308 silly registry.get     'x-cache-hits': '45',
308 silly registry.get     'x-timer': 'S1439299316.994266,VS0,VE0',
308 silly registry.get     vary: 'Accept' } ]
309 verbose addRemoteTarball [ 'https://registry.npmjs.org/gulp-changed/-/gulp-changed-1.3.0.tgz',
309 verbose addRemoteTarball   '0ef1fd5edf599cd7dccd03b90585b57ffab82110' ]
310 silly addNameRange number 2 { name: 'gulp-connect',
310 silly addNameRange   range: '>=2.2.0-0 <3.0.0-0',
310 silly addNameRange   hasData: true }
311 silly addNameRange versions [ 'gulp-connect',
311 silly addNameRange   [ '0.0.1',
311 silly addNameRange     '0.1.1',
311 silly addNameRange     '0.1.2',
311 silly addNameRange     '0.1.3',
311 silly addNameRange     '0.1.4',
311 silly addNameRange     '0.1.5',
311 silly addNameRange     '0.1.6',
311 silly addNameRange     '0.2.0',
311 silly addNameRange     '0.3.0',
311 silly addNameRange     '0.3.1',
311 silly addNameRange     '0.4.0',
311 silly addNameRange     '0.5.0',
311 silly addNameRange     '0.6.0',
311 silly addNameRange     '0.7.0',
311 silly addNameRange     '0.8.0',
311 silly addNameRange     '0.9.0',
311 silly addNameRange     '1.0.0',
311 silly addNameRange     '1.0.1',
311 silly addNameRange     '1.0.2',
311 silly addNameRange     '1.0.3',
311 silly addNameRange     '1.0.4',
311 silly addNameRange     '1.0.5',
311 silly addNameRange     '1.0.6',
311 silly addNameRange     '1.0.7',
311 silly addNameRange     '1.0.9',
311 silly addNameRange     '1.0.10',
311 silly addNameRange     '1.1.0',
311 silly addNameRange     '1.1.1',
311 silly addNameRange     '2.0.0',
311 silly addNameRange     '2.0.1',
311 silly addNameRange     '2.0.2',
311 silly addNameRange     '2.0.3',
311 silly addNameRange     '2.0.4',
311 silly addNameRange     '2.0.5',
311 silly addNameRange     '2.0.6',
311 silly addNameRange     '2.1.0',
311 silly addNameRange     '2.2.0' ] ]
312 verbose addNamed [ 'gulp-connect', '2.2.0' ]
313 verbose addNamed [ '2.2.0', '2.2.0' ]
314 silly lockFile 00c0891a-gulp-connect-2-2-0 gulp-connect@2.2.0
315 verbose lock gulp-connect@2.2.0 /Users/tomdanvers/.npm/00c0891a-gulp-connect-2-2-0.lock
316 silly addNameRange number 2 { name: 'gulp-minify-css',
316 silly addNameRange   range: '>=1.2.0-0 <2.0.0-0',
316 silly addNameRange   hasData: true }
317 silly addNameRange versions [ 'gulp-minify-css',
317 silly addNameRange   [ '0.0.1',
317 silly addNameRange     '0.1.0',
317 silly addNameRange     '0.2.0',
317 silly addNameRange     '0.3.0',
317 silly addNameRange     '0.3.1',
317 silly addNameRange     '0.3.2',
317 silly addNameRange     '0.3.3',
317 silly addNameRange     '0.3.4',
317 silly addNameRange     '0.3.5',
317 silly addNameRange     '0.3.6',
317 silly addNameRange     '0.3.7',
317 silly addNameRange     '0.3.8',
317 silly addNameRange     '0.3.9',
317 silly addNameRange     '0.3.10',
317 silly addNameRange     '0.3.11',
317 silly addNameRange     '0.3.12',
317 silly addNameRange     '0.3.13',
317 silly addNameRange     '0.4.0',
317 silly addNameRange     '0.4.1',
317 silly addNameRange     '0.4.2',
317 silly addNameRange     '0.4.3',
317 silly addNameRange     '0.4.4',
317 silly addNameRange     '0.4.5',
317 silly addNameRange     '0.4.6',
317 silly addNameRange     '0.5.0',
317 silly addNameRange     '0.5.1',
317 silly addNameRange     '1.0.0',
317 silly addNameRange     '1.1.0',
317 silly addNameRange     '1.1.1',
317 silly addNameRange     '1.1.2',
317 silly addNameRange     '1.1.2-1',
317 silly addNameRange     '1.1.3',
317 silly addNameRange     '1.1.4',
317 silly addNameRange     '1.1.5',
317 silly addNameRange     '1.1.6',
317 silly addNameRange     '1.2.0' ] ]
318 verbose addNamed [ 'gulp-minify-css', '1.2.0' ]
319 verbose addNamed [ '1.2.0', '1.2.0' ]
320 silly lockFile d5855f60-gulp-minify-css-1-2-0 gulp-minify-css@1.2.0
321 verbose lock gulp-minify-css@1.2.0 /Users/tomdanvers/.npm/d5855f60-gulp-minify-css-1-2-0.lock
322 silly addNameRange number 2 { name: 'gulp-size', range: '>=1.2.3-0 <2.0.0-0', hasData: true }
323 silly addNameRange versions [ 'gulp-size',
323 silly addNameRange   [ '0.1.0',
323 silly addNameRange     '0.1.1',
323 silly addNameRange     '0.1.2',
323 silly addNameRange     '0.1.3',
323 silly addNameRange     '0.2.0',
323 silly addNameRange     '0.3.0',
323 silly addNameRange     '0.3.1',
323 silly addNameRange     '0.4.0',
323 silly addNameRange     '0.4.1',
323 silly addNameRange     '1.0.0',
323 silly addNameRange     '1.1.0',
323 silly addNameRange     '1.2.0',
323 silly addNameRange     '1.2.1',
323 silly addNameRange     '1.2.2',
323 silly addNameRange     '1.2.3',
323 silly addNameRange     '1.3.0' ] ]
324 verbose addNamed [ 'gulp-size', '1.3.0' ]
325 verbose addNamed [ '1.3.0', '1.3.0' ]
326 silly lockFile cdc1c54d-gulp-size-1-3-0 gulp-size@1.3.0
327 verbose lock gulp-size@1.3.0 /Users/tomdanvers/.npm/cdc1c54d-gulp-size-1-3-0.lock
328 info retry fetch attempt 1 at 14:21:57
329 verbose fetch to= /var/folders/nf/dn2lxss50b3gxtf35htmd2wm0000gs/T/npm-4541-rWl97Tsi/registry.npmjs.org/gulp-changed/-/gulp-changed-1.3.0.tgz
330 silly lockFile 4eea2a17-rg-gulp-size-gulp-size-1-3-0-tgz https://registry.npmjs.org/gulp-size/-/gulp-size-1.3.0.tgz
331 verbose lock https://registry.npmjs.org/gulp-size/-/gulp-size-1.3.0.tgz /Users/tomdanvers/.npm/4eea2a17-rg-gulp-size-gulp-size-1-3-0-tgz.lock
332 silly lockFile 00c0891a-gulp-connect-2-2-0 gulp-connect@2.2.0
333 silly lockFile 00c0891a-gulp-connect-2-2-0 gulp-connect@2.2.0
334 http GET https://registry.npmjs.org/gulp-changed/-/gulp-changed-1.3.0.tgz
335 silly lockFile 16693282-gulp-connect-2-2-0 gulp-connect@^2.2.0
336 silly lockFile 16693282-gulp-connect-2-2-0 gulp-connect@^2.2.0
337 verbose addRemoteTarball [ 'https://registry.npmjs.org/gulp-size/-/gulp-size-1.3.0.tgz',
337 verbose addRemoteTarball   '8923a07b4ac131a01825d5b482de31737b5f9c90' ]
338 silly lockFile d5855f60-gulp-minify-css-1-2-0 gulp-minify-css@1.2.0
339 silly lockFile d5855f60-gulp-minify-css-1-2-0 gulp-minify-css@1.2.0
340 silly lockFile 6052a754-gulp-minify-css-1-2-0 gulp-minify-css@^1.2.0
341 silly lockFile 6052a754-gulp-minify-css-1-2-0 gulp-minify-css@^1.2.0
342 info retry fetch attempt 1 at 14:21:57
343 verbose fetch to= /var/folders/nf/dn2lxss50b3gxtf35htmd2wm0000gs/T/npm-4541-rWl97Tsi/registry.npmjs.org/gulp-size/-/gulp-size-1.3.0.tgz
344 http GET https://registry.npmjs.org/gulp-size/-/gulp-size-1.3.0.tgz
345 http 200 https://registry.npmjs.org/gulp-sass
346 silly registry.get cb [ 200,
346 silly registry.get   { server: 'CouchDB/1.5.0 (Erlang OTP/R16B03)',
346 silly registry.get     etag: '"64VYDRNTV037QCTDRQ4JZ98PN"',
346 silly registry.get     'content-type': 'application/json',
346 silly registry.get     'cache-control': 'max-age=60',
346 silly registry.get     'content-length': '39204',
346 silly registry.get     'accept-ranges': 'bytes',
346 silly registry.get     date: 'Tue, 11 Aug 2015 13:21:57 GMT',
346 silly registry.get     via: '1.1 varnish',
346 silly registry.get     age: '17',
346 silly registry.get     connection: 'keep-alive',
346 silly registry.get     'x-served-by': 'cache-fra1245-FRA',
346 silly registry.get     'x-cache': 'HIT',
346 silly registry.get     'x-cache-hits': '2',
346 silly registry.get     'x-timer': 'S1439299317.009746,VS0,VE0',
346 silly registry.get     vary: 'Accept' } ]
347 silly lockFile ad2a5e9b-gulp-compass-2-1-0 gulp-compass@2.1.0
348 silly lockFile ad2a5e9b-gulp-compass-2-1-0 gulp-compass@2.1.0
349 silly lockFile 5a7fe685-gulp-compass-2-1-0 gulp-compass@^2.1.0
350 silly lockFile 5a7fe685-gulp-compass-2-1-0 gulp-compass@^2.1.0
351 silly addNameRange number 2 { name: 'gulp-sass', range: '>=2.0.3-0 <3.0.0-0', hasData: true }
352 silly addNameRange versions [ 'gulp-sass',
352 silly addNameRange   [ '0.1.0',
352 silly addNameRange     '0.2.1',
352 silly addNameRange     '0.2.2',
352 silly addNameRange     '0.2.3',
352 silly addNameRange     '0.3.0',
352 silly addNameRange     '0.4.0',
352 silly addNameRange     '0.4.1',
352 silly addNameRange     '0.5.0',
352 silly addNameRange     '0.5.1',
352 silly addNameRange     '0.5.2',
352 silly addNameRange     '0.6.0',
352 silly addNameRange     '0.7.0',
352 silly addNameRange     '0.7.1',
352 silly addNameRange     '0.7.2',
352 silly addNameRange     '0.7.3',
352 silly addNameRange     '1.0.0',
352 silly addNameRange     '1.1.0',
352 silly addNameRange     '1.2.0',
352 silly addNameRange     '1.2.1',
352 silly addNameRange     '1.2.2',
352 silly addNameRange     '1.2.3',
352 silly addNameRange     '1.2.4',
352 silly addNameRange     '1.3.0',
352 silly addNameRange     '1.3.1',
352 silly addNameRange     '1.3.2',
352 silly addNameRange     '1.3.3',
352 silly addNameRange     '2.0.0-alpha.1',
352 silly addNameRange     '2.0.0',
352 silly addNameRange     '2.0.2',
352 silly addNameRange     '2.0.3',
352 silly addNameRange     '2.0.4' ] ]
353 verbose addNamed [ 'gulp-sass', '2.0.4' ]
354 verbose addNamed [ '2.0.4', '2.0.4' ]
355 silly lockFile ad0cc6b2-gulp-sass-2-0-4 gulp-sass@2.0.4
356 verbose lock gulp-sass@2.0.4 /Users/tomdanvers/.npm/ad0cc6b2-gulp-sass-2-0-4.lock
357 silly lockFile ad0cc6b2-gulp-sass-2-0-4 gulp-sass@2.0.4
358 silly lockFile ad0cc6b2-gulp-sass-2-0-4 gulp-sass@2.0.4
359 http 200 https://registry.npmjs.org/gulp-uglify
360 silly registry.get cb [ 200,
360 silly registry.get   { server: 'CouchDB/1.5.0 (Erlang OTP/R16B03)',
360 silly registry.get     etag: '"6ZRA5DDIUOYOI9UV3GR4YDLOG"',
360 silly registry.get     'content-type': 'application/json',
360 silly registry.get     'cache-control': 'max-age=60',
360 silly registry.get     'content-length': '26487',
360 silly registry.get     'accept-ranges': 'bytes',
360 silly registry.get     date: 'Tue, 11 Aug 2015 13:21:57 GMT',
360 silly registry.get     via: '1.1 varnish',
360 silly registry.get     age: '30',
360 silly registry.get     connection: 'keep-alive',
360 silly registry.get     'x-served-by': 'cache-fra1220-FRA',
360 silly registry.get     'x-cache': 'HIT',
360 silly registry.get     'x-cache-hits': '1',
360 silly registry.get     'x-timer': 'S1439299317.015107,VS0,VE0',
360 silly registry.get     vary: 'Accept' } ]
361 silly lockFile 4e9a2ea8-gulp-sass-2-0-3 gulp-sass@^2.0.3
362 silly lockFile 4e9a2ea8-gulp-sass-2-0-3 gulp-sass@^2.0.3
363 http 304 https://registry.npmjs.org/gulp-util
364 silly registry.get cb [ 304,
364 silly registry.get   { date: 'Tue, 11 Aug 2015 13:21:57 GMT',
364 silly registry.get     via: '1.1 varnish',
364 silly registry.get     'cache-control': 'max-age=60',
364 silly registry.get     etag: '"C5ESNQQFXB8GX4S39L929R0UU"',
364 silly registry.get     age: '33',
364 silly registry.get     connection: 'keep-alive',
364 silly registry.get     'x-served-by': 'cache-fra1230-FRA',
364 silly registry.get     'x-cache': 'HIT',
364 silly registry.get     'x-cache-hits': '1',
364 silly registry.get     'x-timer': 'S1439299317.034325,VS0,VE2',
364 silly registry.get     vary: 'Accept' } ]
365 verbose etag https://registry.npmjs.org/gulp-util from cache
366 silly addNameRange number 2 { name: 'gulp-uglify',
366 silly addNameRange   range: '>=1.2.0-0 <2.0.0-0',
366 silly addNameRange   hasData: true }
367 silly addNameRange versions [ 'gulp-uglify',
367 silly addNameRange   [ '0.0.1',
367 silly addNameRange     '0.0.3',
367 silly addNameRange     '0.0.4',
367 silly addNameRange     '0.1.0',
367 silly addNameRange     '0.2.0',
367 silly addNameRange     '0.2.1',
367 silly addNameRange     '0.3.0',
367 silly addNameRange     '0.3.1',
367 silly addNameRange     '0.3.2',
367 silly addNameRange     '1.0.0-0',
367 silly addNameRange     '1.0.0',
367 silly addNameRange     '1.0.1',
367 silly addNameRange     '1.0.2',
367 silly addNameRange     '1.1.0',
367 silly addNameRange     '1.2.0' ] ]
368 verbose addNamed [ 'gulp-uglify', '1.2.0' ]
369 verbose addNamed [ '1.2.0', '1.2.0' ]
370 silly lockFile 9d272576-gulp-uglify-1-2-0 gulp-uglify@1.2.0
371 verbose lock gulp-uglify@1.2.0 /Users/tomdanvers/.npm/9d272576-gulp-uglify-1-2-0.lock
372 silly addNameRange number 2 { name: 'gulp-util', range: '>=3.0.6-0 <4.0.0-0', hasData: true }
373 silly addNameRange versions [ 'gulp-util',
373 silly addNameRange   [ '0.0.1',
373 silly addNameRange     '1.0.0',
373 silly addNameRange     '1.1.0',
373 silly addNameRange     '1.1.1',
373 silly addNameRange     '1.2.0',
373 silly addNameRange     '1.3.0',
373 silly addNameRange     '2.0.0',
373 silly addNameRange     '2.1.1',
373 silly addNameRange     '2.1.2',
373 silly addNameRange     '2.1.3',
373 silly addNameRange     '2.1.4',
373 silly addNameRange     '2.2.0',
373 silly addNameRange     '2.2.1',
373 silly addNameRange     '2.2.2',
373 silly addNameRange     '2.2.3',
373 silly addNameRange     '2.2.5',
373 silly addNameRange     '2.2.6',
373 silly addNameRange     '2.2.7',
373 silly addNameRange     '2.2.8',
373 silly addNameRange     '2.2.9',
373 silly addNameRange     '2.2.10',
373 silly addNameRange     '2.2.11',
373 silly addNameRange     '2.2.12',
373 silly addNameRange     '2.2.13',
373 silly addNameRange     '2.2.14',
373 silly addNameRange     '2.2.15',
373 silly addNameRange     '2.2.16',
373 silly addNameRange     '2.2.17',
373 silly addNameRange     '2.2.18',
373 silly addNameRange     '2.2.19',
373 silly addNameRange     '2.2.20',
373 silly addNameRange     '3.0.0',
373 silly addNameRange     '3.0.1',
373 silly addNameRange     '3.0.2',
373 silly addNameRange     '3.0.3',
373 silly addNameRange     '3.0.4',
373 silly addNameRange     '3.0.5',
373 silly addNameRange     '3.0.6' ] ]
374 verbose addNamed [ 'gulp-util', '3.0.6' ]
375 verbose addNamed [ '3.0.6', '3.0.6' ]
376 silly lockFile d2dca944-gulp-util-3-0-6 gulp-util@3.0.6
377 verbose lock gulp-util@3.0.6 /Users/tomdanvers/.npm/d2dca944-gulp-util-3-0-6.lock
378 silly lockFile 9d272576-gulp-uglify-1-2-0 gulp-uglify@1.2.0
379 silly lockFile 9d272576-gulp-uglify-1-2-0 gulp-uglify@1.2.0
380 silly lockFile c20ad875-gulp-uglify-1-2-0 gulp-uglify@^1.2.0
381 silly lockFile c20ad875-gulp-uglify-1-2-0 gulp-uglify@^1.2.0
382 silly lockFile d2dca944-gulp-util-3-0-6 gulp-util@3.0.6
383 silly lockFile d2dca944-gulp-util-3-0-6 gulp-util@3.0.6
384 silly lockFile e993f8f9-gulp-util-3-0-6 gulp-util@^3.0.6
385 silly lockFile e993f8f9-gulp-util-3-0-6 gulp-util@^3.0.6
386 http 304 https://registry.npmjs.org/gulp-cat
387 silly registry.get cb [ 304,
387 silly registry.get   { date: 'Tue, 11 Aug 2015 13:21:56 GMT',
387 silly registry.get     via: '1.1 varnish',
387 silly registry.get     'cache-control': 'max-age=60',
387 silly registry.get     etag: '"4DI2QK9XWA1W2I31YKXXT8FQG"',
387 silly registry.get     age: '0',
387 silly registry.get     connection: 'keep-alive',
387 silly registry.get     'x-served-by': 'cache-fra1227-FRA',
387 silly registry.get     'x-cache': 'MISS',
387 silly registry.get     'x-cache-hits': '0',
387 silly registry.get     'x-timer': 'S1439299316.967102,VS0,VE99',
387 silly registry.get     vary: 'Accept' } ]
388 verbose etag https://registry.npmjs.org/gulp-cat from cache
389 silly addNameRange number 2 { name: 'gulp-cat', range: '>=0.3.3-0 <0.4.0-0', hasData: true }
390 silly addNameRange versions [ 'gulp-cat',
390 silly addNameRange   [ '0.1.0',
390 silly addNameRange     '0.1.1',
390 silly addNameRange     '0.2.0',
390 silly addNameRange     '0.2.1',
390 silly addNameRange     '0.2.2',
390 silly addNameRange     '0.2.3',
390 silly addNameRange     '0.2.4',
390 silly addNameRange     '0.3.0',
390 silly addNameRange     '0.3.1',
390 silly addNameRange     '0.3.2',
390 silly addNameRange     '0.3.3' ] ]
391 verbose addNamed [ 'gulp-cat', '0.3.3' ]
392 verbose addNamed [ '0.3.3', '0.3.3' ]
393 silly lockFile f7b791f1-gulp-cat-0-3-3 gulp-cat@0.3.3
394 verbose lock gulp-cat@0.3.3 /Users/tomdanvers/.npm/f7b791f1-gulp-cat-0-3-3.lock
395 silly lockFile f7b791f1-gulp-cat-0-3-3 gulp-cat@0.3.3
396 silly lockFile f7b791f1-gulp-cat-0-3-3 gulp-cat@0.3.3
397 silly lockFile df96f675-gulp-cat-0-3-3 gulp-cat@^0.3.3
398 silly lockFile df96f675-gulp-cat-0-3-3 gulp-cat@^0.3.3
399 http 200 https://registry.npmjs.org/gulp
400 silly registry.get cb [ 200,
400 silly registry.get   { server: 'CouchDB/1.5.0 (Erlang OTP/R16B03)',
400 silly registry.get     etag: '"8PJ8TH8QVM19GQS5PQ33G7Y6W"',
400 silly registry.get     'content-type': 'application/json',
400 silly registry.get     'cache-control': 'max-age=60',
400 silly registry.get     'content-length': '105206',
400 silly registry.get     'accept-ranges': 'bytes',
400 silly registry.get     date: 'Tue, 11 Aug 2015 13:21:57 GMT',
400 silly registry.get     via: '1.1 varnish',
400 silly registry.get     age: '32',
400 silly registry.get     connection: 'keep-alive',
400 silly registry.get     'x-served-by': 'cache-fra1233-FRA',
400 silly registry.get     'x-cache': 'HIT',
400 silly registry.get     'x-cache-hits': '1',
400 silly registry.get     'x-timer': 'S1439299317.015387,VS0,VE0',
400 silly registry.get     vary: 'Accept' } ]
401 silly addNameRange number 2 { name: 'gulp', range: '>=3.9.0-0 <4.0.0-0', hasData: true }
402 silly addNameRange versions [ 'gulp',
402 silly addNameRange   [ '0.0.1',
402 silly addNameRange     '0.0.2',
402 silly addNameRange     '0.0.3',
402 silly addNameRange     '0.0.4',
402 silly addNameRange     '0.0.5',
402 silly addNameRange     '0.0.7',
402 silly addNameRange     '0.0.8',
402 silly addNameRange     '0.0.9',
402 silly addNameRange     '0.1.0',
402 silly addNameRange     '0.2.0',
402 silly addNameRange     '1.0.0',
402 silly addNameRange     '1.1.0',
402 silly addNameRange     '1.2.0',
402 silly addNameRange     '1.2.1',
402 silly addNameRange     '2.0.0',
402 silly addNameRange     '2.0.1',
402 silly addNameRange     '2.1.0',
402 silly addNameRange     '2.2.0',
402 silly addNameRange     '2.3.0',
402 silly addNameRange     '2.4.0',
402 silly addNameRange     '2.4.1',
402 silly addNameRange     '2.6.0',
402 silly addNameRange     '2.6.1',
402 silly addNameRange     '2.7.0',
402 silly addNameRange     '3.0.0',
402 silly addNameRange     '3.1.1',
402 silly addNameRange     '3.1.2',
402 silly addNameRange     '3.1.3',
402 silly addNameRange     '3.1.4',
402 silly addNameRange     '3.2.0',
402 silly addNameRange     '3.2.1',
402 silly addNameRange     '3.2.2',
402 silly addNameRange     '3.2.3',
402 silly addNameRange     '3.2.4',
402 silly addNameRange     '3.2.5',
402 silly addNameRange     '3.3.0',
402 silly addNameRange     '3.3.1',
402 silly addNameRange     '3.3.2',
402 silly addNameRange     '3.3.4',
402 silly addNameRange     '3.4.0',
402 silly addNameRange     '3.5.0',
402 silly addNameRange     '3.5.1',
402 silly addNameRange     '3.5.2',
402 silly addNameRange     '3.5.5',
402 silly addNameRange     '3.5.6',
402 silly addNameRange     '3.6.0',
402 silly addNameRange     '3.6.1',
402 silly addNameRange     '3.6.2',
402 silly addNameRange     '3.7.0',
402 silly addNameRange     '3.8.0',
402 silly addNameRange     '3.8.1',
402 silly addNameRange     '3.8.2',
402 silly addNameRange     '3.8.3',
402 silly addNameRange     '3.8.4',
402 silly addNameRange     '3.8.5',
402 silly addNameRange     '3.8.6',
402 silly addNameRange     '3.8.7',
402 silly addNameRange     '3.8.8',
402 silly addNameRange     '3.8.9',
402 silly addNameRange     '3.8.10',
402 silly addNameRange     '3.8.11',
402 silly addNameRange     '3.9.0' ] ]
403 verbose addNamed [ 'gulp', '3.9.0' ]
404 verbose addNamed [ '3.9.0', '3.9.0' ]
405 silly lockFile c2697a61-gulp-3-9-0 gulp@3.9.0
406 verbose lock gulp@3.9.0 /Users/tomdanvers/.npm/c2697a61-gulp-3-9-0.lock
407 silly lockFile c2697a61-gulp-3-9-0 gulp@3.9.0
408 silly lockFile c2697a61-gulp-3-9-0 gulp@3.9.0
409 silly lockFile a7ccee77-gulp-3-9-0 gulp@^3.9.0
410 silly lockFile a7ccee77-gulp-3-9-0 gulp@^3.9.0
411 http 200 https://registry.npmjs.org/gulp-changed/-/gulp-changed-1.3.0.tgz
412 silly lockFile 5c9add82-p-changed-gulp-changed-1-3-0-tgz https://registry.npmjs.org/gulp-changed/-/gulp-changed-1.3.0.tgz
413 silly lockFile 5c9add82-p-changed-gulp-changed-1-3-0-tgz https://registry.npmjs.org/gulp-changed/-/gulp-changed-1.3.0.tgz
414 silly lockFile fbf9a613-gulp-changed-1-3-0 gulp-changed@1.3.0
415 silly lockFile fbf9a613-gulp-changed-1-3-0 gulp-changed@1.3.0
416 silly lockFile 304ab178-gulp-changed-1-2-1 gulp-changed@^1.2.1
417 silly lockFile 304ab178-gulp-changed-1-2-1 gulp-changed@^1.2.1
418 http 200 https://registry.npmjs.org/gulp-size/-/gulp-size-1.3.0.tgz
419 silly lockFile 4eea2a17-rg-gulp-size-gulp-size-1-3-0-tgz https://registry.npmjs.org/gulp-size/-/gulp-size-1.3.0.tgz
420 silly lockFile 4eea2a17-rg-gulp-size-gulp-size-1-3-0-tgz https://registry.npmjs.org/gulp-size/-/gulp-size-1.3.0.tgz
421 silly lockFile cdc1c54d-gulp-size-1-3-0 gulp-size@1.3.0
422 silly lockFile cdc1c54d-gulp-size-1-3-0 gulp-size@1.3.0
423 silly lockFile b7d015e8-gulp-size-1-2-3 gulp-size@^1.2.3
424 silly lockFile b7d015e8-gulp-size-1-2-3 gulp-size@^1.2.3
425 http 304 https://registry.npmjs.org/gulp-strip-debug
426 silly registry.get cb [ 304,
426 silly registry.get   { date: 'Tue, 11 Aug 2015 13:21:57 GMT',
426 silly registry.get     via: '1.1 varnish',
426 silly registry.get     'cache-control': 'max-age=60',
426 silly registry.get     etag: '"3XCSGL6UV5KV583FELVFKWDIF"',
426 silly registry.get     age: '0',
426 silly registry.get     connection: 'keep-alive',
426 silly registry.get     'x-served-by': 'cache-fra1245-FRA',
426 silly registry.get     'x-cache': 'MISS',
426 silly registry.get     'x-cache-hits': '0',
426 silly registry.get     'x-timer': 'S1439299317.050814,VS0,VE179',
426 silly registry.get     vary: 'Accept' } ]
427 verbose etag https://registry.npmjs.org/gulp-strip-debug from cache
428 silly addNameRange number 2 { name: 'gulp-strip-debug',
428 silly addNameRange   range: '>=1.0.2-0 <2.0.0-0',
428 silly addNameRange   hasData: true }
429 silly addNameRange versions [ 'gulp-strip-debug',
429 silly addNameRange   [ '0.1.0',
429 silly addNameRange     '0.1.1',
429 silly addNameRange     '0.2.0',
429 silly addNameRange     '0.3.0',
429 silly addNameRange     '0.3.1',
429 silly addNameRange     '1.0.0',
429 silly addNameRange     '1.0.1',
429 silly addNameRange     '1.0.2' ] ]
430 verbose addNamed [ 'gulp-strip-debug', '1.0.2' ]
431 verbose addNamed [ '1.0.2', '1.0.2' ]
432 silly lockFile e7783a41-gulp-strip-debug-1-0-2 gulp-strip-debug@1.0.2
433 verbose lock gulp-strip-debug@1.0.2 /Users/tomdanvers/.npm/e7783a41-gulp-strip-debug-1-0-2.lock
434 silly lockFile e7783a41-gulp-strip-debug-1-0-2 gulp-strip-debug@1.0.2
435 silly lockFile e7783a41-gulp-strip-debug-1-0-2 gulp-strip-debug@1.0.2
436 silly lockFile 761dda0f-gulp-strip-debug-1-0-2 gulp-strip-debug@^1.0.2
437 silly lockFile 761dda0f-gulp-strip-debug-1-0-2 gulp-strip-debug@^1.0.2
438 error Error: EACCES, mkdir '/Users/tomdanvers/.npm/gulp-changed/1.3.0'
438 error  { [Error: EACCES, mkdir '/Users/tomdanvers/.npm/gulp-changed/1.3.0']
438 error   errno: 3,
438 error   code: 'EACCES',
438 error   path: '/Users/tomdanvers/.npm/gulp-changed/1.3.0',
438 error   parent: 'valhalla-client' }
439 error Please try running this command again as root/Administrator.
440 error System Darwin 14.4.0
441 error command "node" "/usr/local/bin/npm" "install"
442 error cwd /Users/tomdanvers/Documents/Personal/valhalla-client
443 error node -v v0.10.36
444 error npm -v 1.4.28
445 error path /Users/tomdanvers/.npm/gulp-changed/1.3.0
446 error code EACCES
447 error errno 3
448 error stack Error: EACCES, mkdir '/Users/tomdanvers/.npm/gulp-changed/1.3.0'
449 verbose exit [ 3, true ]
